<?xml version="1.0" encoding="UTF-8"?>
<!-- Generated by org.testng.reporters.JUnitXMLReporter -->
<testsuite ignored="3" hostname="IM-LP-866" failures="1" tests="1" name="Test" time="0.039" errors="0" timestamp="2022-07-25T19:35:14 IST">
  <testcase classname="com.samplapp.base.Baseclass" name="@BeforeSuite loadConfig" time="0.062">
    <failure type="java.lang.NullPointerException">
      <![CDATA[java.lang.NullPointerException
at java.base/java.io.File.<init>(File.java:278)
at com.aventstack.extentreports.reporter.BasicFileReporter.init(BasicFileReporter.java:106)
at com.aventstack.extentreports.reporter.ExtentHtmlReporter.<init>(ExtentHtmlReporter.java:30)
at com.samplapp.utility.ExtentManager.setExtent(ExtentManager.java:18)
at com.samplapp.base.Baseclass.loadConfig(Baseclass.java:34)
... Removed 19 stack frames]]>
    </failure>
  </testcase> <!-- @BeforeSuite loadConfig -->
  <testcase classname="com.konakartregistration.testcases.Paymentcheckout" name="@BeforeMethod setup" time="-1.658757914556E9">
    <skipped/>
  </testcase> <!-- @BeforeMethod setup -->
  <testcase classname="com.konakartregistration.testcases.Paymentcheckout" name="ProductSelection" time="0.012">
    <failure type="java.lang.NullPointerException" message="Cannot invoke &amp;quot;com.aventstack.extentreports.ExtentReports.createTest(String)&amp;quot; because &amp;quot;com.samplapp.utility.ListenerClass.extent&amp;quot; is null">
      <![CDATA[java.lang.NullPointerException: Cannot invoke "com.aventstack.extentreports.ExtentReports.createTest(String)" because "com.samplapp.utility.ListenerClass.extent" is null
at com.samplapp.utility.ListenerClass.onTestStart(ListenerClass.java:23)
at java.base/java.util.ArrayList.forEach(ArrayList.java:1511)
... Removed 25 stack frames]]>
    </failure>
  </testcase> <!-- ProductSelection -->
  <testcase classname="com.samplapp.base.Baseclass" name="@BeforeSuite loadConfig" time="0.0">
    <ignored/>
  </testcase> <!-- @BeforeSuite loadConfig -->
  <testcase classname="com.samplapp.base.Baseclass" name="@BeforeSuite loadConfig" time="0.0">
    <ignored/>
  </testcase> <!-- @BeforeSuite loadConfig -->
  <testcase classname="com.samplapp.base.Baseclass" name="@BeforeSuite loadConfig" time="0.0">
    <ignored/>
  </testcase> <!-- @BeforeSuite loadConfig -->
</testsuite> <!-- Test -->
